<?xml version="1.0" encoding="UTF-8"?>
<!-- Generated by org.testng.reporters.JUnitReportReporter -->
<testsuite hostname="KiranmaiMassampally" failures="0" tests="2" name="tests.LoginTest" time="9.872" errors="0" timestamp="2025-05-20T16:49:05 CDT" skipped="0">
  <testcase classname="tests.LoginTest" name="TestValidLogin" time="6.060"/>
  <testcase classname="tests.LoginTest" name="TestLoginWithWrongDetails" time="3.812"/>
</testsuite> <!-- tests.LoginTest -->
